{
  "D:\\Projet Dev\\Projet_Open_Classrooms\\Projet_6\\Developpez-une-application-full-stack-complete\\front\\src\\polyfills.ts": {
    "path": "D:\\Projet Dev\\Projet_Open_Classrooms\\Projet_6\\Developpez-une-application-full-stack-complete\\front\\src\\polyfills.ts",
    "statementMap": {},
    "fnMap": {},
    "branchMap": {},
    "s": {},
    "f": {},
    "b": {},
    "inputSourceMap": {
      "version": 3,
      "mappings": "AAAA;;;;;;;;;;;;;;;;AAgBA;;;;AAIA;;;;;;;;;;;;;;;;;;;;;;;;AAwBA;;;AAGA,OAAO,SAAP,C,CAAmB;;AAGnB",
      "names": [],
      "sourceRoot": "",
      "sources": [
        "D:\\Projet Dev\\Projet_Open_Classrooms\\Projet_6\\Developpez-une-application-full-stack-complete\\front\\src\\polyfills.ts"
      ],
      "sourcesContent": [
        "/**\r\n * This file includes polyfills needed by Angular and is loaded before the app.\r\n * You can add your own extra polyfills to this file.\r\n *\r\n * This file is divided into 2 sections:\r\n *   1. Browser polyfills. These are applied before loading ZoneJS and are sorted by browsers.\r\n *   2. Application imports. Files imported after ZoneJS that should be loaded before your main\r\n *      file.\r\n *\r\n * The current setup is for so-called \"evergreen\" browsers; the last versions of browsers that\r\n * automatically update themselves. This includes recent versions of Safari, Chrome (including\r\n * Opera), Edge on the desktop, and iOS and Chrome on mobile.\r\n *\r\n * Learn more in https://angular.io/guide/browser-support\r\n */\r\n\r\n/***************************************************************************************************\r\n * BROWSER POLYFILLS\r\n */\r\n\r\n/**\r\n * By default, zone.js will patch all possible macroTask and DomEvents\r\n * user can disable parts of macroTask/DomEvents patch by setting following flags\r\n * because those flags need to be set before `zone.js` being loaded, and webpack\r\n * will put import in the top of bundle, so user need to create a separate file\r\n * in this directory (for example: zone-flags.ts), and put the following flags\r\n * into that file, and then add the following code before importing zone.js.\r\n * import './zone-flags';\r\n *\r\n * The flags allowed in zone-flags.ts are listed here.\r\n *\r\n * The following flags will work for all browsers.\r\n *\r\n * (window as any).__Zone_disable_requestAnimationFrame = true; // disable patch requestAnimationFrame\r\n * (window as any).__Zone_disable_on_property = true; // disable patch onProperty such as onclick\r\n * (window as any).__zone_symbol__UNPATCHED_EVENTS = ['scroll', 'mousemove']; // disable patch specified eventNames\r\n *\r\n *  in IE/Edge developer tools, the addEventListener will also be wrapped by zone.js\r\n *  with the following flag, it will bypass `zone.js` patch for IE/Edge\r\n *\r\n *  (window as any).__Zone_enable_cross_context_check = true;\r\n *\r\n */\r\n\r\n/***************************************************************************************************\r\n * Zone JS is required by default for Angular itself.\r\n */\r\nimport 'zone.js';  // Included with Angular CLI.\r\n\r\n\r\n/***************************************************************************************************\r\n * APPLICATION IMPORTS\r\n */\r\n"
      ]
    },
    "_coverageSchema": "1a1c01bbd47fc00a2c39e90264f33305004495a9",
    "hash": "13c448d39aa2b86f9a024eeb44ba227fa1bde68c"
  },
  "D:\\Projet Dev\\Projet_Open_Classrooms\\Projet_6\\Developpez-une-application-full-stack-complete\\front\\src\\app\\storage\\local-storage.service.ts": {
    "path": "D:\\Projet Dev\\Projet_Open_Classrooms\\Projet_6\\Developpez-une-application-full-stack-complete\\front\\src\\app\\storage\\local-storage.service.ts",
    "statementMap": {
      "0": {
        "start": {
          "line": 8,
          "column": 46
        },
        "end": {
          "line": 104,
          "column": 4
        }
      },
      "1": {
        "start": {
          "line": 11,
          "column": 6
        },
        "end": {
          "line": 11,
          "column": 86
        }
      },
      "2": {
        "start": {
          "line": 21,
          "column": 6
        },
        "end": {
          "line": 21,
          "column": 39
        }
      },
      "3": {
        "start": {
          "line": 23,
          "column": 6
        },
        "end": {
          "line": 25,
          "column": 7
        }
      },
      "4": {
        "start": {
          "line": 24,
          "column": 8
        },
        "end": {
          "line": 24,
          "column": 71
        }
      },
      "5": {
        "start": {
          "line": 35,
          "column": 6
        },
        "end": {
          "line": 35,
          "column": 55
        }
      },
      "6": {
        "start": {
          "line": 36,
          "column": 6
        },
        "end": {
          "line": 36,
          "column": 44
        }
      },
      "7": {
        "start": {
          "line": 46,
          "column": 20
        },
        "end": {
          "line": 46,
          "column": 38
        }
      },
      "8": {
        "start": {
          "line": 47,
          "column": 6
        },
        "end": {
          "line": 47,
          "column": 24
        }
      },
      "9": {
        "start": {
          "line": 48,
          "column": 6
        },
        "end": {
          "line": 48,
          "column": 32
        }
      },
      "10": {
        "start": {
          "line": 49,
          "column": 6
        },
        "end": {
          "line": 49,
          "column": 44
        }
      },
      "11": {
        "start": {
          "line": 59,
          "column": 6
        },
        "end": {
          "line": 59,
          "column": 39
        }
      },
      "12": {
        "start": {
          "line": 69,
          "column": 6
        },
        "end": {
          "line": 69,
          "column": 59
        }
      },
      "13": {
        "start": {
          "line": 79,
          "column": 20
        },
        "end": {
          "line": 79,
          "column": 80
        }
      },
      "14": {
        "start": {
          "line": 79,
          "column": 54
        },
        "end": {
          "line": 79,
          "column": 79
        }
      },
      "15": {
        "start": {
          "line": 80,
          "column": 6
        },
        "end": {
          "line": 80,
          "column": 32
        }
      },
      "16": {
        "start": {
          "line": 81,
          "column": 6
        },
        "end": {
          "line": 81,
          "column": 44
        }
      },
      "17": {
        "start": {
          "line": 89,
          "column": 6
        },
        "end": {
          "line": 89,
          "column": 27
        }
      },
      "18": {
        "start": {
          "line": 94,
          "column": 2
        },
        "end": {
          "line": 96,
          "column": 4
        }
      },
      "19": {
        "start": {
          "line": 95,
          "column": 4
        },
        "end": {
          "line": 95,
          "column": 44
        }
      },
      "20": {
        "start": {
          "line": 98,
          "column": 2
        },
        "end": {
          "line": 102,
          "column": 5
        }
      },
      "21": {
        "start": {
          "line": 103,
          "column": 2
        },
        "end": {
          "line": 103,
          "column": 29
        }
      }
    },
    "fnMap": {
      "0": {
        "name": "(anonymous_0)",
        "decl": {
          "start": {
            "line": 8,
            "column": 47
          },
          "end": {
            "line": 8,
            "column": 48
          }
        },
        "loc": {
          "start": {
            "line": 8,
            "column": 53
          },
          "end": {
            "line": 104,
            "column": 1
          }
        },
        "line": 8
      },
      "1": {
        "name": "(anonymous_1)",
        "decl": {
          "start": {
            "line": 10,
            "column": 4
          },
          "end": {
            "line": 10,
            "column": 5
          }
        },
        "loc": {
          "start": {
            "line": 10,
            "column": 18
          },
          "end": {
            "line": 12,
            "column": 5
          }
        },
        "line": 10
      },
      "2": {
        "name": "(anonymous_2)",
        "decl": {
          "start": {
            "line": 20,
            "column": 4
          },
          "end": {
            "line": 20,
            "column": 5
          }
        },
        "loc": {
          "start": {
            "line": 20,
            "column": 24
          },
          "end": {
            "line": 26,
            "column": 5
          }
        },
        "line": 20
      },
      "3": {
        "name": "(anonymous_3)",
        "decl": {
          "start": {
            "line": 34,
            "column": 4
          },
          "end": {
            "line": 34,
            "column": 5
          }
        },
        "loc": {
          "start": {
            "line": 34,
            "column": 25
          },
          "end": {
            "line": 37,
            "column": 5
          }
        },
        "line": 34
      },
      "4": {
        "name": "(anonymous_4)",
        "decl": {
          "start": {
            "line": 45,
            "column": 4
          },
          "end": {
            "line": 45,
            "column": 5
          }
        },
        "loc": {
          "start": {
            "line": 45,
            "column": 29
          },
          "end": {
            "line": 50,
            "column": 5
          }
        },
        "line": 45
      },
      "5": {
        "name": "(anonymous_5)",
        "decl": {
          "start": {
            "line": 58,
            "column": 4
          },
          "end": {
            "line": 58,
            "column": 5
          }
        },
        "loc": {
          "start": {
            "line": 58,
            "column": 17
          },
          "end": {
            "line": 60,
            "column": 5
          }
        },
        "line": 58
      },
      "6": {
        "name": "(anonymous_6)",
        "decl": {
          "start": {
            "line": 68,
            "column": 4
          },
          "end": {
            "line": 68,
            "column": 5
          }
        },
        "loc": {
          "start": {
            "line": 68,
            "column": 18
          },
          "end": {
            "line": 70,
            "column": 5
          }
        },
        "line": 68
      },
      "7": {
        "name": "(anonymous_7)",
        "decl": {
          "start": {
            "line": 78,
            "column": 4
          },
          "end": {
            "line": 78,
            "column": 5
          }
        },
        "loc": {
          "start": {
            "line": 78,
            "column": 27
          },
          "end": {
            "line": 82,
            "column": 5
          }
        },
        "line": 78
      },
      "8": {
        "name": "(anonymous_8)",
        "decl": {
          "start": {
            "line": 79,
            "column": 46
          },
          "end": {
            "line": 79,
            "column": 47
          }
        },
        "loc": {
          "start": {
            "line": 79,
            "column": 54
          },
          "end": {
            "line": 79,
            "column": 79
          }
        },
        "line": 79
      },
      "9": {
        "name": "(anonymous_9)",
        "decl": {
          "start": {
            "line": 88,
            "column": 4
          },
          "end": {
            "line": 88,
            "column": 5
          }
        },
        "loc": {
          "start": {
            "line": 88,
            "column": 12
          },
          "end": {
            "line": 90,
            "column": 5
          }
        },
        "line": 88
      },
      "10": {
        "name": "LocalStorageService_Factory",
        "decl": {
          "start": {
            "line": 94,
            "column": 38
          },
          "end": {
            "line": 94,
            "column": 65
          }
        },
        "loc": {
          "start": {
            "line": 94,
            "column": 69
          },
          "end": {
            "line": 96,
            "column": 3
          }
        },
        "line": 94
      }
    },
    "branchMap": {
      "0": {
        "loc": {
          "start": {
            "line": 23,
            "column": 6
          },
          "end": {
            "line": 25,
            "column": 7
          }
        },
        "type": "if",
        "locations": [
          {
            "start": {
              "line": 23,
              "column": 6
            },
            "end": {
              "line": 25,
              "column": 7
            }
          },
          {
            "start": {
              "line": 23,
              "column": 6
            },
            "end": {
              "line": 25,
              "column": 7
            }
          }
        ],
        "line": 23
      },
      "1": {
        "loc": {
          "start": {
            "line": 69,
            "column": 24
          },
          "end": {
            "line": 69,
            "column": 57
          }
        },
        "type": "binary-expr",
        "locations": [
          {
            "start": {
              "line": 69,
              "column": 24
            },
            "end": {
              "line": 69,
              "column": 49
            }
          },
          {
            "start": {
              "line": 69,
              "column": 53
            },
            "end": {
              "line": 69,
              "column": 57
            }
          }
        ],
        "line": 69
      },
      "2": {
        "loc": {
          "start": {
            "line": 95,
            "column": 16
          },
          "end": {
            "line": 95,
            "column": 40
          }
        },
        "type": "binary-expr",
        "locations": [
          {
            "start": {
              "line": 95,
              "column": 16
            },
            "end": {
              "line": 95,
              "column": 17
            }
          },
          {
            "start": {
              "line": 95,
              "column": 21
            },
            "end": {
              "line": 95,
              "column": 40
            }
          }
        ],
        "line": 95
      }
    },
    "s": {
      "0": 13,
      "1": 13,
      "2": 4,
      "3": 4,
      "4": 0,
      "5": 3,
      "6": 3,
      "7": 1,
      "8": 1,
      "9": 1,
      "10": 1,
      "11": 228,
      "12": 88,
      "13": 1,
      "14": 1,
      "15": 1,
      "16": 1,
      "17": 1,
      "18": 13,
      "19": 13,
      "20": 13,
      "21": 13
    },
    "f": {
      "0": 13,
      "1": 13,
      "2": 4,
      "3": 3,
      "4": 1,
      "5": 228,
      "6": 88,
      "7": 1,
      "8": 1,
      "9": 1,
      "10": 13
    },
    "b": {
      "0": [
        0,
        4
      ],
      "1": [
        88,
        3
      ],
      "2": [
        13,
        13
      ]
    },
    "inputSourceMap": {
      "version": 3,
      "mappings": "AACA,SAAQA,eAAR,QAA0C,MAA1C;;AAGA;;;;;AAOA,WAAaC,mBAAb;EAAM,MAAOA,mBAAP,CAA0B;IAI9BC;MAFO,4BAAwD,IAAIF,eAAJ,CAAoC,KAAKG,QAAL,CAAc,eAAd,CAApC,CAAxD;IAEU;IAEjB;;;;;;;IAKAC,OAAO,CAACC,GAAD,EAAcC,KAAd,EAA2B;MAChCC,YAAY,CAACH,OAAb,CAAqBC,GAArB,EAA0BC,KAA1B;;MACA,IAAID,GAAG,KAAK,eAAZ,EAA6B;QAC3B,KAAKG,oBAAL,CAA0BC,IAA1B,CAA+B,KAAKN,QAAL,CAAc,eAAd,CAA/B;MACD;IACF;IAED;;;;;;;IAKAO,QAAQ,CAACL,GAAD,EAAcC,KAAd,EAA0B;MAChCC,YAAY,CAACH,OAAb,CAAqBC,GAArB,EAA0BM,IAAI,CAACC,SAAL,CAAeN,KAAf,CAA1B;MACA,KAAKE,oBAAL,CAA0BC,IAA1B,CAA+BH,KAA/B;IACD;IAED;;;;;;;IAKAO,YAAY,CAACR,GAAD,EAAcC,KAAd,EAAwB;MAClC,MAAMQ,KAAK,GAAG,KAAKX,QAAL,CAAcE,GAAd,CAAd;MACAS,KAAK,CAACC,IAAN,CAAWT,KAAX;MACA,KAAKI,QAAL,CAAcL,GAAd,EAAmBS,KAAnB;MACA,KAAKN,oBAAL,CAA0BC,IAA1B,CAA+BK,KAA/B;IACD;IAED;;;;;;;IAKAE,OAAO,CAACX,GAAD,EAAY;MACjB,OAAOE,YAAY,CAACS,OAAb,CAAqBX,GAArB,CAAP;IACD;IAED;;;;;;;IAKAF,QAAQ,CAACE,GAAD,EAAY;MAClB,OAAOM,IAAI,CAACM,KAAL,CAAWV,YAAY,CAACS,OAAb,CAAqBX,GAArB,KAA6B,IAAxC,CAAP;IACD;IAED;;;;;;;IAKAa,UAAU,CAACb,GAAD,EAAeC,KAAf,EAA6B;MACrC,MAAMQ,KAAK,GAAG,KAAKX,QAAL,CAAcE,GAAd,EAAmBc,MAAnB,CAA0BC,IAAI,IAAIA,IAAI,CAACC,OAAL,CAAaC,EAAb,KAAoBhB,KAAtD,CAAd;MACA,KAAKI,QAAL,CAAcL,GAAd,EAAmBS,KAAnB;MACA,KAAKN,oBAAL,CAA0BC,IAA1B,CAA+BK,KAA/B;IACD;IAED;;;;;IAGAS,KAAK;MACHhB,YAAY,CAACgB,KAAb;IACD;;EA1E6B;;;qBAAnBtB;EAAmB;;;WAAnBA;IAAmBuB,SAAnBvB,mBAAmB;IAAAwB,YAFlB;;EAEd,OAAaxB,mBAAb;AAAA",
      "names": [
        "BehaviorSubject",
        "LocalStorageService",
        "constructor",
        "getArray",
        "setItem",
        "key",
        "value",
        "localStorage",
        "subscriptionsSubject",
        "next",
        "setArray",
        "JSON",
        "stringify",
        "setItemArray",
        "array",
        "push",
        "getItem",
        "parse",
        "removeItem",
        "filter",
        "item",
        "subject",
        "id",
        "clear",
        "factory",
        "providedIn"
      ],
      "sourceRoot": "",
      "sources": [
        "D:\\Projet Dev\\Projet_Open_Classrooms\\Projet_6\\Developpez-une-application-full-stack-complete\\front\\src\\app\\storage\\local-storage.service.ts"
      ],
      "sourcesContent": [
        "import { Injectable } from '@angular/core';\nimport {BehaviorSubject, Observable} from \"rxjs\";\nimport {Subscription} from \"../features/articles/components/interface/subscription.interface\";\n\n/**\n * Service pour gérer le stockage local dans l'application.\n * Fournit des méthodes pour stocker, récupérer, modifier et supprimer des données dans le localStorage du navigateur.\n */\n@Injectable({\n  providedIn: 'root'\n})\nexport class LocalStorageService {\n\n  public subscriptionsSubject: BehaviorSubject<Subscription[]> = new BehaviorSubject<Subscription[]>(this.getArray('subscriptions'));\n\n  constructor() { }\n\n  /**\n   * Définit une valeur dans le localStorage.\n   * @param key La clé sous laquelle stocker la valeur.\n   * @param value La valeur à stocker.\n   */\n  setItem(key: string, value: string) : void {\n    localStorage.setItem(key, value);\n    if (key === 'subscriptions') {\n      this.subscriptionsSubject.next(this.getArray('subscriptions'));\n    }\n  }\n\n  /**\n   * Stocke un tableau dans le localStorage.\n   * @param key La clé sous laquelle stocker le tableau.\n   * @param value Le tableau à stocker.\n   */\n  setArray(key: string, value: any[]) : void {\n    localStorage.setItem(key, JSON.stringify(value));\n    this.subscriptionsSubject.next(value);\n  }\n\n  /**\n   * Ajoute un élément à un tableau déjà stocké et met à jour le localStorage.\n   * @param key La clé du tableau.\n   * @param value L'élément à ajouter.\n   */\n  setItemArray(key: string, value: any) : void {\n    const array = this.getArray(key);\n    array.push(value);\n    this.setArray(key, array);\n    this.subscriptionsSubject.next(array);\n  }\n\n  /**\n   * Récupère une valeur du localStorage.\n   * @param key La clé de la valeur à récupérer.\n   * @returns La valeur stockée ou null si rien n'est trouvé.\n   */\n  getItem(key: string) : string | null {\n    return localStorage.getItem(key);\n  }\n\n  /**\n   * Récupère un tableau du localStorage.\n   * @param key La clé du tableau à récupérer.\n   * @returns Le tableau récupéré ou un tableau vide si rien n'est trouvé.\n   */\n  getArray(key: string) : any[] {\n    return JSON.parse(localStorage.getItem(key) || '[]');\n  }\n\n  /**\n   * Supprime un élément spécifique d'un tableau stocké dans le localStorage.\n   * @param key La clé du tableau.\n   * @param value L'identifiant de l'élément à supprimer.\n   */\n  removeItem(key : string, value : number) : void {\n    const array = this.getArray(key).filter(item => item.subject.id !== value);\n    this.setArray(key, array);\n    this.subscriptionsSubject.next(array);\n  }\n\n  /**\n   * Vide tous les éléments du localStorage.\n   */\n  clear(): void {\n    localStorage.clear();\n  }\n}\n\n"
      ]
    },
    "_coverageSchema": "1a1c01bbd47fc00a2c39e90264f33305004495a9",
    "hash": "636b5152ca5d902d8faf406f4b28b6b18a2d60e0"
  },
  "D:\\Projet Dev\\Projet_Open_Classrooms\\Projet_6\\Developpez-une-application-full-stack-complete\\front\\src\\app\\app.component.ts": {
    "path": "D:\\Projet Dev\\Projet_Open_Classrooms\\Projet_6\\Developpez-une-application-full-stack-complete\\front\\src\\app\\app.component.ts",
    "statementMap": {
      "0": {
        "start": {
          "line": 9,
          "column": 2
        },
        "end": {
          "line": 20,
          "column": 3
        }
      },
      "1": {
        "start": {
          "line": 10,
          "column": 4
        },
        "end": {
          "line": 10,
          "column": 35
        }
      },
      "2": {
        "start": {
          "line": 11,
          "column": 4
        },
        "end": {
          "line": 11,
          "column": 30
        }
      },
      "3": {
        "start": {
          "line": 12,
          "column": 4
        },
        "end": {
          "line": 12,
          "column": 49
        }
      },
      "4": {
        "start": {
          "line": 13,
          "column": 4
        },
        "end": {
          "line": 13,
          "column": 29
        }
      },
      "5": {
        "start": {
          "line": 14,
          "column": 4
        },
        "end": {
          "line": 14,
          "column": 22
        }
      },
      "6": {
        "start": {
          "line": 15,
          "column": 4
        },
        "end": {
          "line": 15,
          "column": 36
        }
      },
      "7": {
        "start": {
          "line": 16,
          "column": 4
        },
        "end": {
          "line": 16,
          "column": 32
        }
      },
      "8": {
        "start": {
          "line": 17,
          "column": 4
        },
        "end": {
          "line": 17,
          "column": 22
        }
      },
      "9": {
        "start": {
          "line": 18,
          "column": 4
        },
        "end": {
          "line": 18,
          "column": 42
        }
      },
      "10": {
        "start": {
          "line": 19,
          "column": 4
        },
        "end": {
          "line": 19,
          "column": 24
        }
      },
      "11": {
        "start": {
          "line": 24,
          "column": 2
        },
        "end": {
          "line": 28,
          "column": 3
        }
      },
      "12": {
        "start": {
          "line": 25,
          "column": 4
        },
        "end": {
          "line": 25,
          "column": 32
        }
      },
      "13": {
        "start": {
          "line": 26,
          "column": 4
        },
        "end": {
          "line": 26,
          "column": 31
        }
      },
      "14": {
        "start": {
          "line": 27,
          "column": 4
        },
        "end": {
          "line": 27,
          "column": 22
        }
      },
      "15": {
        "start": {
          "line": 31,
          "column": 39
        },
        "end": {
          "line": 75,
          "column": 4
        }
      },
      "16": {
        "start": {
          "line": 34,
          "column": 6
        },
        "end": {
          "line": 34,
          "column": 39
        }
      },
      "17": {
        "start": {
          "line": 35,
          "column": 6
        },
        "end": {
          "line": 35,
          "column": 27
        }
      },
      "18": {
        "start": {
          "line": 39,
          "column": 6
        },
        "end": {
          "line": 39,
          "column": 66
        }
      },
      "19": {
        "start": {
          "line": 44,
          "column": 2
        },
        "end": {
          "line": 46,
          "column": 4
        }
      },
      "20": {
        "start": {
          "line": 45,
          "column": 4
        },
        "end": {
          "line": 45,
          "column": 81
        }
      },
      "21": {
        "start": {
          "line": 48,
          "column": 2
        },
        "end": {
          "line": 73,
          "column": 5
        }
      },
      "22": {
        "start": {
          "line": 55,
          "column": 6
        },
        "end": {
          "line": 62,
          "column": 7
        }
      },
      "23": {
        "start": {
          "line": 56,
          "column": 8
        },
        "end": {
          "line": 56,
          "column": 39
        }
      },
      "24": {
        "start": {
          "line": 57,
          "column": 8
        },
        "end": {
          "line": 57,
          "column": 70
        }
      },
      "25": {
        "start": {
          "line": 58,
          "column": 8
        },
        "end": {
          "line": 58,
          "column": 30
        }
      },
      "26": {
        "start": {
          "line": 59,
          "column": 8
        },
        "end": {
          "line": 59,
          "column": 119
        }
      },
      "27": {
        "start": {
          "line": 60,
          "column": 8
        },
        "end": {
          "line": 60,
          "column": 26
        }
      },
      "28": {
        "start": {
          "line": 61,
          "column": 8
        },
        "end": {
          "line": 61,
          "column": 41
        }
      },
      "29": {
        "start": {
          "line": 64,
          "column": 6
        },
        "end": {
          "line": 69,
          "column": 7
        }
      },
      "30": {
        "start": {
          "line": 65,
          "column": 20
        },
        "end": {
          "line": 65,
          "column": 37
        }
      },
      "31": {
        "start": {
          "line": 67,
          "column": 8
        },
        "end": {
          "line": 67,
          "column": 24
        }
      },
      "32": {
        "start": {
          "line": 68,
          "column": 8
        },
        "end": {
          "line": 68,
          "column": 88
        }
      },
      "33": {
        "start": {
          "line": 74,
          "column": 2
        },
        "end": {
          "line": 74,
          "column": 22
        }
      }
    },
    "fnMap": {
      "0": {
        "name": "AppComponent_div_1_Template",
        "decl": {
          "start": {
            "line": 8,
            "column": 9
          },
          "end": {
            "line": 8,
            "column": 36
          }
        },
        "loc": {
          "start": {
            "line": 8,
            "column": 46
          },
          "end": {
            "line": 21,
            "column": 1
          }
        },
        "line": 8
      },
      "1": {
        "name": "AppComponent_ng_template_3_Template",
        "decl": {
          "start": {
            "line": 23,
            "column": 9
          },
          "end": {
            "line": 23,
            "column": 44
          }
        },
        "loc": {
          "start": {
            "line": 23,
            "column": 54
          },
          "end": {
            "line": 29,
            "column": 1
          }
        },
        "line": 23
      },
      "2": {
        "name": "(anonymous_2)",
        "decl": {
          "start": {
            "line": 31,
            "column": 40
          },
          "end": {
            "line": 31,
            "column": 41
          }
        },
        "loc": {
          "start": {
            "line": 31,
            "column": 46
          },
          "end": {
            "line": 75,
            "column": 1
          }
        },
        "line": 31
      },
      "3": {
        "name": "(anonymous_3)",
        "decl": {
          "start": {
            "line": 33,
            "column": 4
          },
          "end": {
            "line": 33,
            "column": 5
          }
        },
        "loc": {
          "start": {
            "line": 33,
            "column": 30
          },
          "end": {
            "line": 36,
            "column": 5
          }
        },
        "line": 33
      },
      "4": {
        "name": "(anonymous_4)",
        "decl": {
          "start": {
            "line": 38,
            "column": 4
          },
          "end": {
            "line": 38,
            "column": 5
          }
        },
        "loc": {
          "start": {
            "line": 38,
            "column": 18
          },
          "end": {
            "line": 40,
            "column": 5
          }
        },
        "line": 38
      },
      "5": {
        "name": "AppComponent_Factory",
        "decl": {
          "start": {
            "line": 44,
            "column": 31
          },
          "end": {
            "line": 44,
            "column": 51
          }
        },
        "loc": {
          "start": {
            "line": 44,
            "column": 55
          },
          "end": {
            "line": 46,
            "column": 3
          }
        },
        "line": 44
      },
      "6": {
        "name": "AppComponent_Template",
        "decl": {
          "start": {
            "line": 54,
            "column": 23
          },
          "end": {
            "line": 54,
            "column": 44
          }
        },
        "loc": {
          "start": {
            "line": 54,
            "column": 54
          },
          "end": {
            "line": 70,
            "column": 5
          }
        },
        "line": 54
      }
    },
    "branchMap": {
      "0": {
        "loc": {
          "start": {
            "line": 9,
            "column": 2
          },
          "end": {
            "line": 20,
            "column": 3
          }
        },
        "type": "if",
        "locations": [
          {
            "start": {
              "line": 9,
              "column": 2
            },
            "end": {
              "line": 20,
              "column": 3
            }
          },
          {
            "start": {
              "line": 9,
              "column": 2
            },
            "end": {
              "line": 20,
              "column": 3
            }
          }
        ],
        "line": 9
      },
      "1": {
        "loc": {
          "start": {
            "line": 24,
            "column": 2
          },
          "end": {
            "line": 28,
            "column": 3
          }
        },
        "type": "if",
        "locations": [
          {
            "start": {
              "line": 24,
              "column": 2
            },
            "end": {
              "line": 28,
              "column": 3
            }
          },
          {
            "start": {
              "line": 24,
              "column": 2
            },
            "end": {
              "line": 28,
              "column": 3
            }
          }
        ],
        "line": 24
      },
      "2": {
        "loc": {
          "start": {
            "line": 45,
            "column": 16
          },
          "end": {
            "line": 45,
            "column": 33
          }
        },
        "type": "binary-expr",
        "locations": [
          {
            "start": {
              "line": 45,
              "column": 16
            },
            "end": {
              "line": 45,
              "column": 17
            }
          },
          {
            "start": {
              "line": 45,
              "column": 21
            },
            "end": {
              "line": 45,
              "column": 33
            }
          }
        ],
        "line": 45
      },
      "3": {
        "loc": {
          "start": {
            "line": 55,
            "column": 6
          },
          "end": {
            "line": 62,
            "column": 7
          }
        },
        "type": "if",
        "locations": [
          {
            "start": {
              "line": 55,
              "column": 6
            },
            "end": {
              "line": 62,
              "column": 7
            }
          },
          {
            "start": {
              "line": 55,
              "column": 6
            },
            "end": {
              "line": 62,
              "column": 7
            }
          }
        ],
        "line": 55
      },
      "4": {
        "loc": {
          "start": {
            "line": 64,
            "column": 6
          },
          "end": {
            "line": 69,
            "column": 7
          }
        },
        "type": "if",
        "locations": [
          {
            "start": {
              "line": 64,
              "column": 6
            },
            "end": {
              "line": 69,
              "column": 7
            }
          },
          {
            "start": {
              "line": 64,
              "column": 6
            },
            "end": {
              "line": 69,
              "column": 7
            }
          }
        ],
        "line": 64
      }
    },
    "s": {
      "0": 132,
      "1": 11,
      "2": 11,
      "3": 11,
      "4": 11,
      "5": 11,
      "6": 11,
      "7": 11,
      "8": 11,
      "9": 11,
      "10": 11,
      "11": 92,
      "12": 4,
      "13": 4,
      "14": 4,
      "15": 13,
      "16": 13,
      "17": 13,
      "18": 209,
      "19": 13,
      "20": 13,
      "21": 13,
      "22": 222,
      "23": 13,
      "24": 13,
      "25": 13,
      "26": 13,
      "27": 13,
      "28": 13,
      "29": 222,
      "30": 209,
      "31": 209,
      "32": 209,
      "33": 13
    },
    "f": {
      "0": 132,
      "1": 92,
      "2": 13,
      "3": 13,
      "4": 209,
      "5": 13,
      "6": 222
    },
    "b": {
      "0": [
        11,
        121
      ],
      "1": [
        4,
        88
      ],
      "2": [
        13,
        13
      ],
      "3": [
        13,
        209
      ],
      "4": [
        209,
        13
      ]
    },
    "inputSourceMap": {
      "version": 3,
      "mappings": "AAEA,SAAoBA,EAApB,QAA6B,MAA7B;;;;;;;;;ICDIC;IACEA;IACAA,+BAA+D,CAA/D,EAA+D,MAA/D,EAA+D,CAA/D;IAC0CA;IAAQA;IAChDA;IAAwCA;IAAMA;IAC9CA,wBAAqG,CAArG,EAAqG,MAArG,EAAqG,CAArG;IAEFA;;;;;;IAGFA;IACAA;IACAA;;;;ADJJ,WAAaC,YAAb;EAAM,MAAOA,YAAP,CAAmB;IAGvBC,YACUC,YADV,EAC2C;MAAjC;MAHV,aAAQ,OAAR;IAII;;IAEGC,WAAW;MAChB,OAAOL,EAAE,CAAC,KAAKI,YAAL,CAAkBE,OAAlB,CAA0B,UAA1B,MAA0C,MAA3C,CAAT;IACD;;EATsB;;;qBAAZJ,cAAYD;EAAA;;;UAAZC;IAAYK;IAAAC;IAAAC;IAAAC;IAAAC;MAAA;QCTzBV;QACIA;;QASFA;QAKFA;QACAA;;;;;;QAf8EA;QAAAA,+DAA6B,UAA7B,EAA6BW,GAA7B;;;;;;EDQ9E,OAAaV,YAAb;AAAA",
      "names": [
        "of",
        "i0",
        "AppComponent",
        "constructor",
        "localStorage",
        "$isLoggedIn",
        "getItem",
        "selectors",
        "decls",
        "vars",
        "consts",
        "template",
        "_r1"
      ],
      "sourceRoot": "",
      "sources": [
        "D:\\Projet Dev\\Projet_Open_Classrooms\\Projet_6\\Developpez-une-application-full-stack-complete\\front\\src\\app\\app.component.ts",
        "D:\\Projet Dev\\Projet_Open_Classrooms\\Projet_6\\Developpez-une-application-full-stack-complete\\front\\src\\app\\app.component.html"
      ],
      "sourcesContent": [
        "import { Component } from '@angular/core';\r\nimport {LocalStorageService} from \"./storage/local-storage.service\";\r\nimport {Observable, of} from \"rxjs\";\r\n\r\n@Component({\r\n  selector: 'app-root',\r\n  templateUrl: './app.component.html',\r\n  styleUrls: ['./app.component.scss']\r\n})\r\nexport class AppComponent {\r\n  title = 'front';\r\n\r\n  constructor(\r\n    private localStorage: LocalStorageService,\r\n  ) {}\r\n\r\n  public $isLoggedIn(): Observable<boolean> {\r\n    return of(this.localStorage.getItem('isLogged') === 'true');\r\n  }\r\n}\r\n\r\n",
        "<div class=\"app\">\r\n    <div class=\"header\" fxLayout=\"row\" fxLayoutAlign=\"space-between center\"  *ngIf=\"$isLoggedIn() | async; else notLogged\">\r\n      <img src=\"assets/logo_p6.png\" alt=\"logo\" routerLink=\"article\"/>\r\n      <div class=\"header_right\" fxLayoutAlign=\"space-between center\">\r\n        <span routerLink=\"article\" class=\"link\">Articles</span>\r\n        <span routerLink=\"subject\" class=\"link\">Thèmes</span>\r\n        <i class=\"fa-solid fa-circle-user fa-3x link\"  style=\"background-color: #ffffff\" routerLink=\"me\"></i>\r\n        <span routerLink=\"me\" class=\"link\"></span>\r\n      </div>\r\n    </div>\r\n  <ng-template #notLogged>\r\n    <div>\r\n    <img src=\"assets/logo_p6.png\" alt=\"logo\" routerLink=\"/\"/>\r\n    </div>\r\n  </ng-template>\r\n</div>\r\n<router-outlet></router-outlet>\r\n"
      ]
    },
    "_coverageSchema": "1a1c01bbd47fc00a2c39e90264f33305004495a9",
    "hash": "6bf1bf397f09846bd6692aa97fac7acadfae69d8"
  },
  "D:\\Projet Dev\\Projet_Open_Classrooms\\Projet_6\\Developpez-une-application-full-stack-complete\\front\\src\\app\\features\\interceptors\\auth-interceptor.service.ts": {
    "path": "D:\\Projet Dev\\Projet_Open_Classrooms\\Projet_6\\Developpez-une-application-full-stack-complete\\front\\src\\app\\features\\interceptors\\auth-interceptor.service.ts",
    "statementMap": {
      "0": {
        "start": {
          "line": 13,
          "column": 42
        },
        "end": {
          "line": 110,
          "column": 4
        }
      },
      "1": {
        "start": {
          "line": 16,
          "column": 6
        },
        "end": {
          "line": 16,
          "column": 23
        }
      },
      "2": {
        "start": {
          "line": 17,
          "column": 6
        },
        "end": {
          "line": 17,
          "column": 39
        }
      },
      "3": {
        "start": {
          "line": 18,
          "column": 6
        },
        "end": {
          "line": 18,
          "column": 27
        }
      },
      "4": {
        "start": {
          "line": 19,
          "column": 6
        },
        "end": {
          "line": 19,
          "column": 32
        }
      },
      "5": {
        "start": {
          "line": 20,
          "column": 6
        },
        "end": {
          "line": 20,
          "column": 59
        }
      },
      "6": {
        "start": {
          "line": 31,
          "column": 6
        },
        "end": {
          "line": 31,
          "column": 92
        }
      },
      "7": {
        "start": {
          "line": 31,
          "column": 55
        },
        "end": {
          "line": 31,
          "column": 89
        }
      },
      "8": {
        "start": {
          "line": 43,
          "column": 6
        },
        "end": {
          "line": 45,
          "column": 7
        }
      },
      "9": {
        "start": {
          "line": 44,
          "column": 8
        },
        "end": {
          "line": 44,
          "column": 46
        }
      },
      "10": {
        "start": {
          "line": 47,
          "column": 21
        },
        "end": {
          "line": 47,
          "column": 93
        }
      },
      "11": {
        "start": {
          "line": 48,
          "column": 6
        },
        "end": {
          "line": 48,
          "column": 71
        }
      },
      "12": {
        "start": {
          "line": 48,
          "column": 30
        },
        "end": {
          "line": 48,
          "column": 69
        }
      },
      "13": {
        "start": {
          "line": 59,
          "column": 6
        },
        "end": {
          "line": 76,
          "column": 7
        }
      },
      "14": {
        "start": {
          "line": 60,
          "column": 8
        },
        "end": {
          "line": 60,
          "column": 33
        }
      },
      "15": {
        "start": {
          "line": 61,
          "column": 8
        },
        "end": {
          "line": 61,
          "column": 44
        }
      },
      "16": {
        "start": {
          "line": 62,
          "column": 8
        },
        "end": {
          "line": 71,
          "column": 55
        }
      },
      "17": {
        "start": {
          "line": 63,
          "column": 10
        },
        "end": {
          "line": 63,
          "column": 36
        }
      },
      "18": {
        "start": {
          "line": 64,
          "column": 10
        },
        "end": {
          "line": 64,
          "column": 47
        }
      },
      "19": {
        "start": {
          "line": 65,
          "column": 10
        },
        "end": {
          "line": 65,
          "column": 34
        }
      },
      "20": {
        "start": {
          "line": 67,
          "column": 10
        },
        "end": {
          "line": 67,
          "column": 36
        }
      },
      "21": {
        "start": {
          "line": 68,
          "column": 10
        },
        "end": {
          "line": 68,
          "column": 36
        }
      },
      "22": {
        "start": {
          "line": 69,
          "column": 10
        },
        "end": {
          "line": 69,
          "column": 32
        }
      },
      "23": {
        "start": {
          "line": 70,
          "column": 10
        },
        "end": {
          "line": 70,
          "column": 72
        }
      },
      "24": {
        "start": {
          "line": 70,
          "column": 34
        },
        "end": {
          "line": 70,
          "column": 70
        }
      },
      "25": {
        "start": {
          "line": 71,
          "column": 27
        },
        "end": {
          "line": 71,
          "column": 52
        }
      },
      "26": {
        "start": {
          "line": 73,
          "column": 8
        },
        "end": {
          "line": 75,
          "column": 12
        }
      },
      "27": {
        "start": {
          "line": 73,
          "column": 61
        },
        "end": {
          "line": 73,
          "column": 74
        }
      },
      "28": {
        "start": {
          "line": 74,
          "column": 10
        },
        "end": {
          "line": 74,
          "column": 34
        }
      },
      "29": {
        "start": {
          "line": 85,
          "column": 6
        },
        "end": {
          "line": 87,
          "column": 9
        }
      },
      "30": {
        "start": {
          "line": 95,
          "column": 6
        },
        "end": {
          "line": 95,
          "column": 33
        }
      },
      "31": {
        "start": {
          "line": 100,
          "column": 2
        },
        "end": {
          "line": 102,
          "column": 4
        }
      },
      "32": {
        "start": {
          "line": 101,
          "column": 4
        },
        "end": {
          "line": 101,
          "column": 127
        }
      },
      "33": {
        "start": {
          "line": 104,
          "column": 2
        },
        "end": {
          "line": 108,
          "column": 5
        }
      },
      "34": {
        "start": {
          "line": 109,
          "column": 2
        },
        "end": {
          "line": 109,
          "column": 25
        }
      }
    },
    "fnMap": {
      "0": {
        "name": "(anonymous_0)",
        "decl": {
          "start": {
            "line": 13,
            "column": 43
          },
          "end": {
            "line": 13,
            "column": 44
          }
        },
        "loc": {
          "start": {
            "line": 13,
            "column": 49
          },
          "end": {
            "line": 110,
            "column": 1
          }
        },
        "line": 13
      },
      "1": {
        "name": "(anonymous_1)",
        "decl": {
          "start": {
            "line": 15,
            "column": 4
          },
          "end": {
            "line": 15,
            "column": 5
          }
        },
        "loc": {
          "start": {
            "line": 15,
            "column": 44
          },
          "end": {
            "line": 21,
            "column": 5
          }
        },
        "line": 15
      },
      "2": {
        "name": "(anonymous_2)",
        "decl": {
          "start": {
            "line": 30,
            "column": 4
          },
          "end": {
            "line": 30,
            "column": 5
          }
        },
        "loc": {
          "start": {
            "line": 30,
            "column": 25
          },
          "end": {
            "line": 32,
            "column": 5
          }
        },
        "line": 30
      },
      "3": {
        "name": "(anonymous_3)",
        "decl": {
          "start": {
            "line": 31,
            "column": 46
          },
          "end": {
            "line": 31,
            "column": 47
          }
        },
        "loc": {
          "start": {
            "line": 31,
            "column": 55
          },
          "end": {
            "line": 31,
            "column": 89
          }
        },
        "line": 31
      },
      "4": {
        "name": "(anonymous_4)",
        "decl": {
          "start": {
            "line": 42,
            "column": 4
          },
          "end": {
            "line": 42,
            "column": 5
          }
        },
        "loc": {
          "start": {
            "line": 42,
            "column": 34
          },
          "end": {
            "line": 49,
            "column": 5
          }
        },
        "line": 42
      },
      "5": {
        "name": "(anonymous_5)",
        "decl": {
          "start": {
            "line": 48,
            "column": 24
          },
          "end": {
            "line": 48,
            "column": 25
          }
        },
        "loc": {
          "start": {
            "line": 48,
            "column": 30
          },
          "end": {
            "line": 48,
            "column": 69
          }
        },
        "line": 48
      },
      "6": {
        "name": "(anonymous_6)",
        "decl": {
          "start": {
            "line": 58,
            "column": 4
          },
          "end": {
            "line": 58,
            "column": 5
          }
        },
        "loc": {
          "start": {
            "line": 58,
            "column": 30
          },
          "end": {
            "line": 77,
            "column": 5
          }
        },
        "line": 58
      },
      "7": {
        "name": "(anonymous_7)",
        "decl": {
          "start": {
            "line": 62,
            "column": 50
          },
          "end": {
            "line": 62,
            "column": 51
          }
        },
        "loc": {
          "start": {
            "line": 62,
            "column": 59
          },
          "end": {
            "line": 66,
            "column": 9
          }
        },
        "line": 62
      },
      "8": {
        "name": "(anonymous_8)",
        "decl": {
          "start": {
            "line": 66,
            "column": 23
          },
          "end": {
            "line": 66,
            "column": 24
          }
        },
        "loc": {
          "start": {
            "line": 66,
            "column": 32
          },
          "end": {
            "line": 71,
            "column": 9
          }
        },
        "line": 66
      },
      "9": {
        "name": "(anonymous_9)",
        "decl": {
          "start": {
            "line": 70,
            "column": 28
          },
          "end": {
            "line": 70,
            "column": 29
          }
        },
        "loc": {
          "start": {
            "line": 70,
            "column": 34
          },
          "end": {
            "line": 70,
            "column": 70
          }
        },
        "line": 70
      },
      "10": {
        "name": "(anonymous_10)",
        "decl": {
          "start": {
            "line": 71,
            "column": 21
          },
          "end": {
            "line": 71,
            "column": 22
          }
        },
        "loc": {
          "start": {
            "line": 71,
            "column": 27
          },
          "end": {
            "line": 71,
            "column": 52
          }
        },
        "line": 71
      },
      "11": {
        "name": "(anonymous_11)",
        "decl": {
          "start": {
            "line": 73,
            "column": 52
          },
          "end": {
            "line": 73,
            "column": 53
          }
        },
        "loc": {
          "start": {
            "line": 73,
            "column": 61
          },
          "end": {
            "line": 73,
            "column": 74
          }
        },
        "line": 73
      },
      "12": {
        "name": "(anonymous_12)",
        "decl": {
          "start": {
            "line": 73,
            "column": 96
          },
          "end": {
            "line": 73,
            "column": 97
          }
        },
        "loc": {
          "start": {
            "line": 73,
            "column": 105
          },
          "end": {
            "line": 75,
            "column": 9
          }
        },
        "line": 73
      },
      "13": {
        "name": "(anonymous_13)",
        "decl": {
          "start": {
            "line": 84,
            "column": 4
          },
          "end": {
            "line": 84,
            "column": 5
          }
        },
        "loc": {
          "start": {
            "line": 84,
            "column": 19
          },
          "end": {
            "line": 88,
            "column": 5
          }
        },
        "line": 84
      },
      "14": {
        "name": "(anonymous_14)",
        "decl": {
          "start": {
            "line": 94,
            "column": 4
          },
          "end": {
            "line": 94,
            "column": 5
          }
        },
        "loc": {
          "start": {
            "line": 94,
            "column": 21
          },
          "end": {
            "line": 96,
            "column": 5
          }
        },
        "line": 94
      },
      "15": {
        "name": "AuthInterceptor_Factory",
        "decl": {
          "start": {
            "line": 100,
            "column": 34
          },
          "end": {
            "line": 100,
            "column": 57
          }
        },
        "loc": {
          "start": {
            "line": 100,
            "column": 61
          },
          "end": {
            "line": 102,
            "column": 3
          }
        },
        "line": 100
      }
    },
    "branchMap": {
      "0": {
        "loc": {
          "start": {
            "line": 43,
            "column": 6
          },
          "end": {
            "line": 45,
            "column": 7
          }
        },
        "type": "if",
        "locations": [
          {
            "start": {
              "line": 43,
              "column": 6
            },
            "end": {
              "line": 45,
              "column": 7
            }
          },
          {
            "start": {
              "line": 43,
              "column": 6
            },
            "end": {
              "line": 45,
              "column": 7
            }
          }
        ],
        "line": 43
      },
      "1": {
        "loc": {
          "start": {
            "line": 47,
            "column": 21
          },
          "end": {
            "line": 47,
            "column": 93
          }
        },
        "type": "cond-expr",
        "locations": [
          {
            "start": {
              "line": 47,
              "column": 58
            },
            "end": {
              "line": 47,
              "column": 77
            }
          },
          {
            "start": {
              "line": 47,
              "column": 80
            },
            "end": {
              "line": 47,
              "column": 93
            }
          }
        ],
        "line": 47
      },
      "2": {
        "loc": {
          "start": {
            "line": 47,
            "column": 21
          },
          "end": {
            "line": 47,
            "column": 55
          }
        },
        "type": "binary-expr",
        "locations": [
          {
            "start": {
              "line": 47,
              "column": 21
            },
            "end": {
              "line": 47,
              "column": 32
            }
          },
          {
            "start": {
              "line": 47,
              "column": 36
            },
            "end": {
              "line": 47,
              "column": 55
            }
          }
        ],
        "line": 47
      },
      "3": {
        "loc": {
          "start": {
            "line": 59,
            "column": 6
          },
          "end": {
            "line": 76,
            "column": 7
          }
        },
        "type": "if",
        "locations": [
          {
            "start": {
              "line": 59,
              "column": 6
            },
            "end": {
              "line": 76,
              "column": 7
            }
          },
          {
            "start": {
              "line": 59,
              "column": 6
            },
            "end": {
              "line": 76,
              "column": 7
            }
          }
        ],
        "line": 59
      },
      "4": {
        "loc": {
          "start": {
            "line": 101,
            "column": 16
          },
          "end": {
            "line": 101,
            "column": 36
          }
        },
        "type": "binary-expr",
        "locations": [
          {
            "start": {
              "line": 101,
              "column": 16
            },
            "end": {
              "line": 101,
              "column": 17
            }
          },
          {
            "start": {
              "line": 101,
              "column": 21
            },
            "end": {
              "line": 101,
              "column": 36
            }
          }
        ],
        "line": 101
      }
    },
    "s": {
      "0": 13,
      "1": 12,
      "2": 12,
      "3": 12,
      "4": 12,
      "5": 12,
      "6": 22,
      "7": 1,
      "8": 1,
      "9": 0,
      "10": 1,
      "11": 1,
      "12": 1,
      "13": 0,
      "14": 0,
      "15": 0,
      "16": 0,
      "17": 0,
      "18": 0,
      "19": 0,
      "20": 0,
      "21": 0,
      "22": 0,
      "23": 0,
      "24": 0,
      "25": 0,
      "26": 0,
      "27": 0,
      "28": 0,
      "29": 0,
      "30": 0,
      "31": 13,
      "32": 12,
      "33": 13,
      "34": 13
    },
    "f": {
      "0": 13,
      "1": 12,
      "2": 22,
      "3": 1,
      "4": 1,
      "5": 1,
      "6": 0,
      "7": 0,
      "8": 0,
      "9": 0,
      "10": 0,
      "11": 0,
      "12": 0,
      "13": 0,
      "14": 0,
      "15": 12
    },
    "b": {
      "0": [
        0,
        1
      ],
      "1": [
        0,
        1
      ],
      "2": [
        1,
        1
      ],
      "3": [
        0,
        0
      ],
      "4": [
        12,
        12
      ]
    },
    "inputSourceMap": {
      "version": 3,
      "mappings": "AACA,SAEEA,WAFF,EAGEC,WAHF,EAIEC,iBAJF,EAKEC,UALF,QAMO,sBANP;AAQA,SAAQC,eAAR,EAAyBC,QAAzB,EAA+CC,UAA/C,QAAgE,MAAhE;AACA,SAAQC,UAAR,EAAoBC,SAApB,EAA+BC,MAA/B,EAAuCC,IAAvC,QAAkD,gBAAlD;;;;;AAGA;;;;;AAOA,WAAaC,eAAb;EAAM,MAAOA,eAAP,CAAsB;IAK1BC,YACUC,IADV,EAEUC,YAFV,EAGUC,MAHV,EAGwB;MAFd;MACA;MACA;MANF,oBAAe,KAAf;MACA,2BAA4C,IAAIX,eAAJ,CAAyB,IAAzB,CAA5C;IAMP;IAED;;;;;;;;IAMAY,SAAS,CAACC,GAAD,EAAwBC,IAAxB,EAAyC;MAChD,OAAOA,IAAI,CAACC,MAAL,CAAYF,GAAZ,EAAiBG,IAAjB,CACLb,UAAU,CAAEc,KAAD,IAA8B,KAAKC,WAAL,CAAiBD,KAAjB,EAAwBJ,GAAxB,EAA6BC,IAA7B,CAA/B,CADL,CAAP;IAGD;IAED;;;;;;;;;IAOQI,WAAW,CAACD,KAAD,EAA2BJ,GAA3B,EAAkDC,IAAlD,EAAmE;MACpF,IAAIG,KAAK,CAACE,MAAN,KAAiB,GAArB,EAA0B;QACxB,OAAO,KAAKC,cAAL,CAAoBP,GAApB,EAAyBC,IAAzB,CAAP;MACD;;MACD,MAAMO,MAAM,GAAGJ,KAAK,CAACA,KAAN,IAAeA,KAAK,CAACA,KAAN,CAAYK,OAA3B,GAAqCL,KAAK,CAACA,KAAN,CAAYK,OAAjD,GAA2DL,KAAK,CAACK,OAAhF;MACA,OAAOpB,UAAU,CAAC,MAAM,IAAIqB,KAAJ,CAAU,oBAAoBF,MAAM,EAApC,CAAP,CAAjB;IACD;IAED;;;;;;;;IAMQD,cAAc,CAACP,GAAD,EAAwBC,IAAxB,EAAyC;MAC7D,IAAI,CAAC,KAAKU,YAAV,EAAwB;QACtB,KAAKA,YAAL,GAAoB,IAApB;QACA,KAAKC,mBAAL,CAAyBX,IAAzB,CAA8B,IAA9B;QAEA,OAAO,KAAKY,YAAL,GAAoBV,IAApB,CACLZ,SAAS,CAAEuB,KAAD,IAAe;UACvB,KAAKH,YAAL,GAAoB,KAApB;UACA,KAAKC,mBAAL,CAAyBX,IAAzB,CAA8Ba,KAA9B;UACA,OAAOb,IAAI,CAACC,MAAL,CAAYF,GAAZ,CAAP;QACD,CAJQ,CADJ,EAMLV,UAAU,CAAEc,KAAD,IAAU;UACnB,KAAKO,YAAL,GAAoB,KAApB;UACA,KAAKd,YAAL,CAAkBkB,KAAlB;UACA,KAAKC,cAAL;UACA,OAAO3B,UAAU,CAAC,MAAM,IAAIqB,KAAJ,CAAU,yBAAV,CAAP,CAAjB;QACD,CALS,CANL,EAYLtB,QAAQ,CAAC,MAAM,KAAKuB,YAAL,GAAoB,KAA3B,CAZH,CAAP;MAcD,CAlBD,MAkBO;QACL,OAAO,KAAKC,mBAAL,CAAyBT,IAAzB,CACLX,MAAM,CAACsB,KAAK,IAAIA,KAAK,IAAI,IAAnB,CADD,EAELrB,IAAI,CAAC,CAAD,CAFC,EAGLF,SAAS,CAACuB,KAAK,IAAG;UAChB,OAAOb,IAAI,CAACC,MAAL,CAAYF,GAAZ,CAAP;QACD,CAFQ,CAHJ,CAAP;MAMD;IACF;IAED;;;;;;IAIQa,YAAY;MAClB,OAAO,KAAKjB,IAAL,CAAUqB,IAAV,CAAoB,8CAApB,EAAoE,EAApE,EAAwE;QAACC,eAAe,EAAE;MAAlB,CAAxE,CAAP;IACD;IAED;;;;;IAGQF,cAAc;MACpB,KAAKlB,MAAL,CAAYqB,QAAZ,CAAqB,CAAC,EAAD,CAArB;IACD;;EAtFyB;;;qBAAfzB,iBAAe0B;EAAA;;;WAAf1B;IAAe2B,SAAf3B,eAAe;IAAA4B,YAFd;;EAEd,OAAa5B,eAAb;AAAA",
      "names": [
        "HttpRequest",
        "HttpHandler",
        "HttpErrorResponse",
        "HttpClient",
        "BehaviorSubject",
        "finalize",
        "throwError",
        "catchError",
        "switchMap",
        "filter",
        "take",
        "AuthInterceptor",
        "constructor",
        "http",
        "localStorage",
        "router",
        "intercept",
        "req",
        "next",
        "handle",
        "pipe",
        "error",
        "handleError",
        "status",
        "handle401Error",
        "errMsg",
        "message",
        "Error",
        "isRefreshing",
        "refreshTokenSubject",
        "refreshToken",
        "token",
        "clear",
        "navigateToHome",
        "post",
        "withCredentials",
        "navigate",
        "i0",
        "factory",
        "providedIn"
      ],
      "sourceRoot": "",
      "sources": [
        "D:\\Projet Dev\\Projet_Open_Classrooms\\Projet_6\\Developpez-une-application-full-stack-complete\\front\\src\\app\\features\\interceptors\\auth-interceptor.service.ts"
      ],
      "sourcesContent": [
        "import {Injectable} from '@angular/core';\r\nimport {\r\n  HttpInterceptor,\r\n  HttpRequest,\r\n  HttpHandler,\r\n  HttpErrorResponse,\r\n  HttpClient\r\n} from '@angular/common/http';\r\nimport {Router} from '@angular/router';\r\nimport {BehaviorSubject, finalize, Observable, throwError} from 'rxjs';\r\nimport {catchError, switchMap, filter, take} from 'rxjs/operators';\r\nimport {LocalStorageService} from \"../../storage/local-storage.service\";\r\n\r\n/**\r\n * Intercepteur HTTP pour gérer l'authentification et la gestion des jetons de rafraîchissement.\r\n * Intercepte les requêtes pour ajouter des tokens ou gérer les erreurs d'authentification.\r\n */\r\n@Injectable({\r\n  providedIn: 'root'\r\n})\r\nexport class AuthInterceptor implements HttpInterceptor {\r\n\r\n  private isRefreshing = false;\r\n  private refreshTokenSubject: BehaviorSubject<any> = new BehaviorSubject<any>(null);\r\n\r\n  constructor(\r\n    private http: HttpClient,\r\n    private localStorage: LocalStorageService,\r\n    private router: Router) {\r\n  }\r\n\r\n  /**\r\n   * Intercepte les requêtes HTTP pour y ajouter un traitement spécifique lié à l'authentification.\r\n   * @param req La requête HTTP à intercepter.\r\n   * @param next Le gestionnaire de requête suivant dans la chaîne d'intercepteurs.\r\n   * @returns Observable de la réponse HTTP ou une erreur.\r\n   */\r\n  intercept(req: HttpRequest<any>, next: HttpHandler): Observable<any> {\r\n    return next.handle(req).pipe(\r\n      catchError((error: HttpErrorResponse) => this.handleError(error, req, next))\r\n    );\r\n  }\r\n\r\n  /**\r\n   * Gère les erreurs HTTP pour rediriger ou rafraîchir les jetons selon le cas.\r\n   * @param error L'erreur HTTP rencontrée.\r\n   * @param req La requête HTTP initiale.\r\n   * @param next Le gestionnaire de requête suivant dans la chaîne.\r\n   * @returns Observable de la nouvelle tentative de requête ou erreur.\r\n   */\r\n  private handleError(error: HttpErrorResponse, req: HttpRequest<any>, next: HttpHandler): Observable<any> {\r\n    if (error.status === 401) {\r\n      return this.handle401Error(req, next);\r\n    }\r\n    const errMsg = error.error && error.error.message ? error.error.message : error.message;\r\n    return throwError(() => new Error(`Error occurred : ${errMsg}`));\r\n  }\r\n\r\n  /**\r\n   * Traite spécifiquement les erreurs 401 en tentant un rafraîchissement du token.\r\n   * @param req La requête HTTP initiale.\r\n   * @param next Le gestionnaire de requête suivant.\r\n   * @returns Observable de la requête reprise après rafraîchissement du token.\r\n   */\r\n  private handle401Error(req: HttpRequest<any>, next: HttpHandler): Observable<any> {\r\n    if (!this.isRefreshing) {\r\n      this.isRefreshing = true;\r\n      this.refreshTokenSubject.next(null);\r\n\r\n      return this.refreshToken().pipe(\r\n        switchMap((token: any) => {\r\n          this.isRefreshing = false;\r\n          this.refreshTokenSubject.next(token);\r\n          return next.handle(req);\r\n        }),\r\n        catchError((error) => {\r\n          this.isRefreshing = false;\r\n          this.localStorage.clear();\r\n          this.navigateToHome();\r\n          return throwError(() => new Error('Failed to refresh token'));\r\n        }),\r\n        finalize(() => this.isRefreshing = false)\r\n      );\r\n    } else {\r\n      return this.refreshTokenSubject.pipe(\r\n        filter(token => token != null),\r\n        take(1),\r\n        switchMap(token => {\r\n          return next.handle(req);\r\n        }));\r\n    }\r\n  }\r\n\r\n  /**\r\n   * Effectue une requête pour rafraîchir le token d'authentification.\r\n   * @returns Observable portant le nouveau token.\r\n   */\r\n  private refreshToken(): Observable<any> {\r\n    return this.http.post<any>(`http://localhost:3001/api/auth/refresh-token`, {}, {withCredentials: true});\r\n  }\r\n\r\n  /**\r\n   * Navigue vers la page d'accueil.\r\n   */\r\n  private navigateToHome() {\r\n    this.router.navigate(['']);\r\n  }\r\n}\r\n\r\n"
      ]
    },
    "_coverageSchema": "1a1c01bbd47fc00a2c39e90264f33305004495a9",
    "hash": "575b5d10a15132a9063f29f992e3148e0eb5fc4a"
  },
  "D:\\Projet Dev\\Projet_Open_Classrooms\\Projet_6\\Developpez-une-application-full-stack-complete\\front\\src\\app\\guards\\auth.guard.ts": {
    "path": "D:\\Projet Dev\\Projet_Open_Classrooms\\Projet_6\\Developpez-une-application-full-stack-complete\\front\\src\\app\\guards\\auth.guard.ts",
    "statementMap": {
      "0": {
        "start": {
          "line": 5,
          "column": 36
        },
        "end": {
          "line": 37,
          "column": 4
        }
      },
      "1": {
        "start": {
          "line": 8,
          "column": 6
        },
        "end": {
          "line": 8,
          "column": 39
        }
      },
      "2": {
        "start": {
          "line": 9,
          "column": 6
        },
        "end": {
          "line": 9,
          "column": 27
        }
      },
      "3": {
        "start": {
          "line": 13,
          "column": 6
        },
        "end": {
          "line": 16,
          "column": 7
        }
      },
      "4": {
        "start": {
          "line": 14,
          "column": 8
        },
        "end": {
          "line": 14,
          "column": 30
        }
      },
      "5": {
        "start": {
          "line": 15,
          "column": 8
        },
        "end": {
          "line": 15,
          "column": 21
        }
      },
      "6": {
        "start": {
          "line": 18,
          "column": 6
        },
        "end": {
          "line": 18,
          "column": 18
        }
      },
      "7": {
        "start": {
          "line": 22,
          "column": 6
        },
        "end": {
          "line": 22,
          "column": 33
        }
      },
      "8": {
        "start": {
          "line": 27,
          "column": 2
        },
        "end": {
          "line": 29,
          "column": 4
        }
      },
      "9": {
        "start": {
          "line": 28,
          "column": 4
        },
        "end": {
          "line": 28,
          "column": 93
        }
      },
      "10": {
        "start": {
          "line": 31,
          "column": 2
        },
        "end": {
          "line": 35,
          "column": 5
        }
      },
      "11": {
        "start": {
          "line": 36,
          "column": 2
        },
        "end": {
          "line": 36,
          "column": 19
        }
      }
    },
    "fnMap": {
      "0": {
        "name": "(anonymous_0)",
        "decl": {
          "start": {
            "line": 5,
            "column": 37
          },
          "end": {
            "line": 5,
            "column": 38
          }
        },
        "loc": {
          "start": {
            "line": 5,
            "column": 43
          },
          "end": {
            "line": 37,
            "column": 1
          }
        },
        "line": 5
      },
      "1": {
        "name": "(anonymous_1)",
        "decl": {
          "start": {
            "line": 7,
            "column": 4
          },
          "end": {
            "line": 7,
            "column": 5
          }
        },
        "loc": {
          "start": {
            "line": 7,
            "column": 38
          },
          "end": {
            "line": 10,
            "column": 5
          }
        },
        "line": 7
      },
      "2": {
        "name": "(anonymous_2)",
        "decl": {
          "start": {
            "line": 12,
            "column": 4
          },
          "end": {
            "line": 12,
            "column": 5
          }
        },
        "loc": {
          "start": {
            "line": 12,
            "column": 18
          },
          "end": {
            "line": 19,
            "column": 5
          }
        },
        "line": 12
      },
      "3": {
        "name": "(anonymous_3)",
        "decl": {
          "start": {
            "line": 21,
            "column": 4
          },
          "end": {
            "line": 21,
            "column": 5
          }
        },
        "loc": {
          "start": {
            "line": 21,
            "column": 21
          },
          "end": {
            "line": 23,
            "column": 5
          }
        },
        "line": 21
      },
      "4": {
        "name": "AuthGuard_Factory",
        "decl": {
          "start": {
            "line": 27,
            "column": 28
          },
          "end": {
            "line": 27,
            "column": 45
          }
        },
        "loc": {
          "start": {
            "line": 27,
            "column": 49
          },
          "end": {
            "line": 29,
            "column": 3
          }
        },
        "line": 27
      }
    },
    "branchMap": {
      "0": {
        "loc": {
          "start": {
            "line": 13,
            "column": 6
          },
          "end": {
            "line": 16,
            "column": 7
          }
        },
        "type": "if",
        "locations": [
          {
            "start": {
              "line": 13,
              "column": 6
            },
            "end": {
              "line": 16,
              "column": 7
            }
          },
          {
            "start": {
              "line": 13,
              "column": 6
            },
            "end": {
              "line": 16,
              "column": 7
            }
          }
        ],
        "line": 13
      },
      "1": {
        "loc": {
          "start": {
            "line": 28,
            "column": 16
          },
          "end": {
            "line": 28,
            "column": 30
          }
        },
        "type": "binary-expr",
        "locations": [
          {
            "start": {
              "line": 28,
              "column": 16
            },
            "end": {
              "line": 28,
              "column": 17
            }
          },
          {
            "start": {
              "line": 28,
              "column": 21
            },
            "end": {
              "line": 28,
              "column": 30
            }
          }
        ],
        "line": 28
      }
    },
    "s": {
      "0": 13,
      "1": 12,
      "2": 12,
      "3": 14,
      "4": 1,
      "5": 1,
      "6": 13,
      "7": 1,
      "8": 13,
      "9": 12,
      "10": 13,
      "11": 13
    },
    "f": {
      "0": 13,
      "1": 12,
      "2": 14,
      "3": 1,
      "4": 12
    },
    "b": {
      "0": [
        1,
        13
      ],
      "1": [
        12,
        12
      ]
    },
    "inputSourceMap": {
      "version": 3,
      "mappings": "AACA,SAAqBA,MAArB,QAAkC,iBAAlC;;;;AAIA,WAAaC,SAAb;EAAM,MAAOA,SAAP,CAAgB;IACpBC,YACUC,YADV,EAEUC,MAFV,EAEyB;MADf;MACA;IACL;;IAEEC,WAAW;MAChB,IAAI,KAAKF,YAAL,CAAkBG,OAAlB,CAA0B,UAA1B,MAA0C,MAA9C,EAAsD;QACpD,KAAKC,cAAL;QACA,OAAO,KAAP;MACD;;MACD,OAAO,IAAP;IACD;;IAEOA,cAAc;MACpB,KAAKH,MAAL,CAAYI,QAAZ,CAAqB,CAAC,EAAD,CAArB;IACD;;EAhBmB;;;qBAATP,WAASQ;EAAA;;;WAATR;IAASS,SAATT,SAAS;IAAAU,YADG;;EACzB,OAAaV,SAAb;AAAA",
      "names": [
        "Router",
        "AuthGuard",
        "constructor",
        "localStorage",
        "router",
        "canActivate",
        "getItem",
        "navigateToHome",
        "navigate",
        "i0",
        "factory",
        "providedIn"
      ],
      "sourceRoot": "",
      "sources": [
        "D:\\Projet Dev\\Projet_Open_Classrooms\\Projet_6\\Developpez-une-application-full-stack-complete\\front\\src\\app\\guards\\auth.guard.ts"
      ],
      "sourcesContent": [
        "import {Injectable} from \"@angular/core\";\r\nimport {CanActivate, Router} from \"@angular/router\";\r\nimport {LocalStorageService} from \"../storage/local-storage.service\";\r\n\r\n@Injectable({providedIn: 'root'})\r\nexport class AuthGuard implements CanActivate{\r\n  constructor(\r\n    private localStorage: LocalStorageService,\r\n    private router : Router,\r\n  ) { }\r\n\r\n  public canActivate(): boolean {\r\n    if (this.localStorage.getItem('isLogged') !== 'true') {\r\n      this.navigateToHome()\r\n      return false;\r\n    }\r\n    return true;\r\n  }\r\n\r\n  private navigateToHome(): void {\r\n    this.router.navigate(['']);\r\n  }\r\n}\r\n"
      ]
    },
    "_coverageSchema": "1a1c01bbd47fc00a2c39e90264f33305004495a9",
    "hash": "49b7533f0b3aeba3f198d1fd96827572dafaafe9"
  },
  "D:\\Projet Dev\\Projet_Open_Classrooms\\Projet_6\\Developpez-une-application-full-stack-complete\\front\\src\\app\\components\\not-found\\not-found.component.ts": {
    "path": "D:\\Projet Dev\\Projet_Open_Classrooms\\Projet_6\\Developpez-une-application-full-stack-complete\\front\\src\\app\\components\\not-found\\not-found.component.ts",
    "statementMap": {
      "0": {
        "start": {
          "line": 2,
          "column": 44
        },
        "end": {
          "line": 28,
          "column": 4
        }
      },
      "1": {
        "start": {
          "line": 10,
          "column": 2
        },
        "end": {
          "line": 12,
          "column": 4
        }
      },
      "2": {
        "start": {
          "line": 11,
          "column": 4
        },
        "end": {
          "line": 11,
          "column": 42
        }
      },
      "3": {
        "start": {
          "line": 14,
          "column": 2
        },
        "end": {
          "line": 26,
          "column": 5
        }
      },
      "4": {
        "start": {
          "line": 20,
          "column": 6
        },
        "end": {
          "line": 24,
          "column": 7
        }
      },
      "5": {
        "start": {
          "line": 21,
          "column": 8
        },
        "end": {
          "line": 21,
          "column": 34
        }
      },
      "6": {
        "start": {
          "line": 22,
          "column": 8
        },
        "end": {
          "line": 22,
          "column": 41
        }
      },
      "7": {
        "start": {
          "line": 23,
          "column": 8
        },
        "end": {
          "line": 23,
          "column": 26
        }
      },
      "8": {
        "start": {
          "line": 27,
          "column": 2
        },
        "end": {
          "line": 27,
          "column": 27
        }
      }
    },
    "fnMap": {
      "0": {
        "name": "(anonymous_0)",
        "decl": {
          "start": {
            "line": 2,
            "column": 45
          },
          "end": {
            "line": 2,
            "column": 46
          }
        },
        "loc": {
          "start": {
            "line": 2,
            "column": 51
          },
          "end": {
            "line": 28,
            "column": 1
          }
        },
        "line": 2
      },
      "1": {
        "name": "(anonymous_1)",
        "decl": {
          "start": {
            "line": 4,
            "column": 4
          },
          "end": {
            "line": 4,
            "column": 5
          }
        },
        "loc": {
          "start": {
            "line": 4,
            "column": 18
          },
          "end": {
            "line": 4,
            "column": 20
          }
        },
        "line": 4
      },
      "2": {
        "name": "(anonymous_2)",
        "decl": {
          "start": {
            "line": 6,
            "column": 4
          },
          "end": {
            "line": 6,
            "column": 5
          }
        },
        "loc": {
          "start": {
            "line": 6,
            "column": 15
          },
          "end": {
            "line": 6,
            "column": 17
          }
        },
        "line": 6
      },
      "3": {
        "name": "NotFoundComponent_Factory",
        "decl": {
          "start": {
            "line": 10,
            "column": 36
          },
          "end": {
            "line": 10,
            "column": 61
          }
        },
        "loc": {
          "start": {
            "line": 10,
            "column": 65
          },
          "end": {
            "line": 12,
            "column": 3
          }
        },
        "line": 10
      },
      "4": {
        "name": "NotFoundComponent_Template",
        "decl": {
          "start": {
            "line": 19,
            "column": 23
          },
          "end": {
            "line": 19,
            "column": 49
          }
        },
        "loc": {
          "start": {
            "line": 19,
            "column": 59
          },
          "end": {
            "line": 25,
            "column": 5
          }
        },
        "line": 19
      }
    },
    "branchMap": {
      "0": {
        "loc": {
          "start": {
            "line": 11,
            "column": 16
          },
          "end": {
            "line": 11,
            "column": 38
          }
        },
        "type": "binary-expr",
        "locations": [
          {
            "start": {
              "line": 11,
              "column": 16
            },
            "end": {
              "line": 11,
              "column": 17
            }
          },
          {
            "start": {
              "line": 11,
              "column": 21
            },
            "end": {
              "line": 11,
              "column": 38
            }
          }
        ],
        "line": 11
      },
      "1": {
        "loc": {
          "start": {
            "line": 20,
            "column": 6
          },
          "end": {
            "line": 24,
            "column": 7
          }
        },
        "type": "if",
        "locations": [
          {
            "start": {
              "line": 20,
              "column": 6
            },
            "end": {
              "line": 24,
              "column": 7
            }
          },
          {
            "start": {
              "line": 20,
              "column": 6
            },
            "end": {
              "line": 24,
              "column": 7
            }
          }
        ],
        "line": 20
      }
    },
    "s": {
      "0": 13,
      "1": 13,
      "2": 0,
      "3": 13,
      "4": 0,
      "5": 0,
      "6": 0,
      "7": 0,
      "8": 13
    },
    "f": {
      "0": 13,
      "1": 0,
      "2": 0,
      "3": 0,
      "4": 0
    },
    "b": {
      "0": [
        0,
        0
      ],
      "1": [
        0,
        0
      ]
    },
    "inputSourceMap": {
      "version": 3,
      "mappings": ";AAOA,WAAaA,iBAAb;EAAM,MAAOA,iBAAP,CAAwB;IAE5BC,eAAiB;;IAEjBC,QAAQ,IACP;;EAL2B;;;qBAAjBF;EAAiB;;;UAAjBA;IAAiBG;IAAAC;IAAAC;IAAAC;MAAA;QCP9BC;QAAGA;QAAgBA;;;;EDOnB,OAAaP,iBAAb;AAAA",
      "names": [
        "NotFoundComponent",
        "constructor",
        "ngOnInit",
        "selectors",
        "decls",
        "vars",
        "template",
        "i0"
      ],
      "sourceRoot": "",
      "sources": [
        "D:\\Projet Dev\\Projet_Open_Classrooms\\Projet_6\\Developpez-une-application-full-stack-complete\\front\\src\\app\\components\\not-found\\not-found.component.ts",
        "D:\\Projet Dev\\Projet_Open_Classrooms\\Projet_6\\Developpez-une-application-full-stack-complete\\front\\src\\app\\components\\not-found\\not-found.component.html"
      ],
      "sourcesContent": [
        "import { Component, OnInit } from '@angular/core';\n\n@Component({\n  selector: 'app-not-found',\n  templateUrl: './not-found.component.html',\n  styleUrls: ['./not-found.component.scss']\n})\nexport class NotFoundComponent implements OnInit {\n\n  constructor() { }\n\n  ngOnInit(): void {\n  }\n\n}\n",
        "<p>not-found works!</p>\n"
      ]
    },
    "_coverageSchema": "1a1c01bbd47fc00a2c39e90264f33305004495a9",
    "hash": "53d0ad575b941c10229308eb988251ca39483224"
  },
  "D:\\Projet Dev\\Projet_Open_Classrooms\\Projet_6\\Developpez-une-application-full-stack-complete\\front\\src\\app\\features\\articles\\components\\services\\user-api.service.ts": {
    "path": "D:\\Projet Dev\\Projet_Open_Classrooms\\Projet_6\\Developpez-une-application-full-stack-complete\\front\\src\\app\\features\\articles\\components\\services\\user-api.service.ts",
    "statementMap": {
      "0": {
        "start": {
          "line": 3,
          "column": 41
        },
        "end": {
          "line": 33,
          "column": 4
        }
      },
      "1": {
        "start": {
          "line": 6,
          "column": 6
        },
        "end": {
          "line": 6,
          "column": 23
        }
      },
      "2": {
        "start": {
          "line": 10,
          "column": 6
        },
        "end": {
          "line": 12,
          "column": 9
        }
      },
      "3": {
        "start": {
          "line": 16,
          "column": 6
        },
        "end": {
          "line": 18,
          "column": 9
        }
      },
      "4": {
        "start": {
          "line": 23,
          "column": 2
        },
        "end": {
          "line": 25,
          "column": 4
        }
      },
      "5": {
        "start": {
          "line": 24,
          "column": 4
        },
        "end": {
          "line": 24,
          "column": 65
        }
      },
      "6": {
        "start": {
          "line": 27,
          "column": 2
        },
        "end": {
          "line": 31,
          "column": 5
        }
      },
      "7": {
        "start": {
          "line": 32,
          "column": 2
        },
        "end": {
          "line": 32,
          "column": 24
        }
      }
    },
    "fnMap": {
      "0": {
        "name": "(anonymous_0)",
        "decl": {
          "start": {
            "line": 3,
            "column": 42
          },
[...]
      "names": [
        "MatCardModule",
        "FlexModule",
        "MatButtonModule",
        "MatIconModule",
        "ArticleRoutingModule",
        "AuthModule",
        "MatSnackBarModule",
        "ReactiveFormsModule",
        "ArticleModule"
      ],
      "sourceRoot": "",
      "sources": [
        "D:\\Projet Dev\\Projet_Open_Classrooms\\Projet_6\\Developpez-une-application-full-stack-complete\\front\\src\\app\\features\\articles\\article.module.ts"
      ],
      "sourcesContent": [
        "import {NgModule} from \"@angular/core\";\r\nimport { ListComponent } from './components/list/list.component';\r\nimport { CreateComponent } from './components/create/create.component';\r\nimport { DetailsComponent } from './components/details/details.component';\r\nimport {MatCardModule} from \"@angular/material/card\";\r\nimport {FlexModule} from \"@angular/flex-layout\";\r\nimport {RouterLink, RouterModule} from \"@angular/router\";\r\nimport {MatButtonModule} from \"@angular/material/button\";\r\nimport {MatIconModule} from \"@angular/material/icon\";\r\nimport {AsyncPipe, DatePipe, NgForOf, NgIf, NgStyle} from \"@angular/common\";\r\nimport {ArticleRoutingModule} from \"./article-routing.module\";\r\nimport {AuthModule} from \"../auth/auth.module\";\r\nimport {MatSnackBarModule} from \"@angular/material/snack-bar\";\r\nimport {ReactiveFormsModule} from \"@angular/forms\";\r\nimport { SubscriptionsComponent } from './subscriptions/subscriptions.component';\r\nimport {SubjectsComponent} from \"./components/subjects/subjects.component\";\r\n\r\n@NgModule({\r\n  declarations: [\r\n    ListComponent,\r\n    CreateComponent,\r\n    DetailsComponent,\r\n    SubscriptionsComponent,\r\n    SubjectsComponent\r\n  ],\r\n  imports: [\r\n    MatCardModule,\r\n    MatSnackBarModule,\r\n    FlexModule,\r\n    ArticleRoutingModule,\r\n    RouterLink,\r\n    MatButtonModule,\r\n    MatIconModule,\r\n    AsyncPipe,\r\n    DatePipe,\r\n    NgForOf,\r\n    AuthModule,\r\n    NgStyle,\r\n    NgIf,\r\n    ReactiveFormsModule\r\n  ],\r\n  exports: [\r\n    SubscriptionsComponent\r\n  ]\r\n})\r\n\r\nexport class ArticleModule {}\r\n"
      ]
    },
    "_coverageSchema": "1a1c01bbd47fc00a2c39e90264f33305004495a9",
    "hash": "9cfb87075a95f34f38edd392b6bff7c42835de54"
  },
  "D:\\Projet Dev\\Projet_Open_Classrooms\\Projet_6\\Developpez-une-application-full-stack-complete\\front\\src\\app\\app.module.ts": {
    "path": "D:\\Projet Dev\\Projet_Open_Classrooms\\Projet_6\\Developpez-une-application-full-stack-complete\\front\\src\\app\\app.module.ts",
    "statementMap": {
      "0": {
        "start": {
          "line": 17,
          "column": 36
        },
        "end": {
          "line": 37,
          "column": 4
        }
      },
      "1": {
        "start": {
          "line": 20,
          "column": 2
        },
        "end": {
          "line": 22,
          "column": 4
        }
      },
      "2": {
        "start": {
          "line": 21,
          "column": 4
        },
        "end": {
          "line": 21,
          "column": 34
        }
      },
      "3": {
        "start": {
          "line": 24,
          "column": 2
        },
        "end": {
          "line": 27,
          "column": 5
        }
      },
      "4": {
        "start": {
          "line": 28,
          "column": 2
        },
        "end": {
          "line": 35,
          "column": 5
        }
      },
      "5": {
        "start": {
          "line": 36,
          "column": 2
        },
        "end": {
          "line": 36,
          "column": 19
        }
      }
    },
    "fnMap": {
      "0": {
        "name": "(anonymous_0)",
        "decl": {
          "start": {
            "line": 17,
            "column": 37
          },
          "end": {
            "line": 17,
            "column": 38
          }
        },
        "loc": {
          "start": {
            "line": 17,
            "column": 43
          },
          "end": {
            "line": 37,
            "column": 1
          }
        },
        "line": 17
      },
      "1": {
        "name": "AppModule_Factory",
        "decl": {
          "start": {
            "line": 20,
            "column": 28
          },
          "end": {
            "line": 20,
            "column": 45
          }
        },
        "loc": {
          "start": {
            "line": 20,
            "column": 49
          },
          "end": {
            "line": 22,
            "column": 3
          }
        },
        "line": 20
      }
    },
    "branchMap": {
      "0": {
        "loc": {
          "start": {
            "line": 21,
            "column": 16
          },
          "end": {
            "line": 21,
            "column": 30
          }
        },
        "type": "binary-expr",
        "locations": [
          {
            "start": {
              "line": 21,
              "column": 16
            },
            "end": {
              "line": 21,
              "column": 17
            }
          },
          {
            "start": {
              "line": 21,
              "column": 21
            },
            "end": {
              "line": 21,
              "column": 30
            }
          }
        ],
        "line": 21
      }
    },
    "s": {
      "0": 13,
      "1": 13,
      "2": 13,
      "3": 13,
      "4": 13,
      "5": 13
    },
    "f": {
      "0": 13,
      "1": 13
    },
    "b": {
      "0": [
        13,
        13
      ]
    },
    "inputSourceMap": {
      "version": 3,
      "mappings": "AACA,SAASA,eAAT,QAAgC,0BAAhC;AACA,SAASC,aAAT,QAA8B,2BAA9B;AACA,SAASC,uBAAT,QAAwC,sCAAxC;AACA,SAASC,YAAT,QAA6B,iBAA7B;AAIA,SAAQC,aAAR,QAA4B,wBAA5B;AACA,SAAQC,mBAAR,QAAkC,gBAAlC;AACA,SAAQC,cAAR,QAA6B,yBAA7B;AACA,SAAQC,iBAAR,EAA2BC,gBAA3B,QAAkD,sBAAlD;AACA,SAAQC,eAAR,QAA8B,kDAA9B;AACA,SAAQC,gBAAR,QAA+B,sBAA/B;AACA,SAAQC,UAAR,QAAyB,sBAAzB;AACA,SAAQC,gBAAR,QAA+B,2BAA/B;AACA,SAAQC,aAAR,QAA4B,wBAA5B;AACA,SAAQC,aAAR,QAA4B,oCAA5B;AACA,SAAQC,UAAR,QAAyB,6BAAzB;;AAwBA,WAAaC,SAAb;EAAM,MAAOA,SAAP,CAAgB;;;qBAATA;EAAS;;;UAATA;IAASC,YAFRd,YAEQ;;;eALT,CACT;MAAEe,OAAO,EAAEX,iBAAX;MAA8BY,QAAQ,EAAEV,eAAxC;MAAyDW,KAAK,EAAE;IAAhE,CADS;IAEVC,UAhBCpB,aAgBD,EAfCO,gBAeD,EAdCE,gBAcD,EAbCR,uBAaD,EAZCF,eAYD,EAXCI,aAWD,EAVCC,mBAUD,EATCC,cASD,EARCK,UAQD,EAPCC,gBAOD,EANCC,aAMD,EALCC,aAKD,EAJCC,UAID;;EAGH,OAAaC,SAAb;AAAA",
      "names": [
        "MatButtonModule",
        "BrowserModule",
        "BrowserAnimationsModule",
        "AppComponent",
        "MatCardModule",
        "ReactiveFormsModule",
        "MatInputModule",
        "HTTP_INTERCEPTORS",
        "HttpClientModule",
        "AuthInterceptor",
        "AppRoutingModule",
        "FlexModule",
        "MatToolbarModule",
        "MatIconModule",
        "ArticleModule",
        "AuthModule",
        "AppModule",
        "bootstrap",
        "provide",
        "useClass",
        "multi",
        "imports"
      ],
      "sourceRoot": "",
      "sources": [
        "D:\\Projet Dev\\Projet_Open_Classrooms\\Projet_6\\Developpez-une-application-full-stack-complete\\front\\src\\app\\app.module.ts"
      ],
      "sourcesContent": [
        "import { NgModule } from '@angular/core';\r\nimport { MatButtonModule } from '@angular/material/button';\r\nimport { BrowserModule } from '@angular/platform-browser';\r\nimport { BrowserAnimationsModule } from '@angular/platform-browser/animations';\r\nimport { AppComponent } from './app.component';\r\nimport { HomeComponent } from './features/auth/components/home/home.component';\r\nimport { MeComponent } from './components/me/me.component';\r\nimport { NotFoundComponent } from './components/not-found/not-found.component';\r\nimport {MatCardModule} from \"@angular/material/card\";\r\nimport {ReactiveFormsModule} from \"@angular/forms\";\r\nimport {MatInputModule} from \"@angular/material/input\";\r\nimport {HTTP_INTERCEPTORS, HttpClientModule} from \"@angular/common/http\";\r\nimport {AuthInterceptor} from \"./features/interceptors/auth-interceptor.service\";\r\nimport {AppRoutingModule} from \"./app-routing.module\";\r\nimport {FlexModule} from \"@angular/flex-layout\";\r\nimport {MatToolbarModule} from \"@angular/material/toolbar\";\r\nimport {MatIconModule} from \"@angular/material/icon\";\r\nimport {ArticleModule} from \"./features/articles/article.module\";\r\nimport {AuthModule} from \"./features/auth/auth.module\";\r\n\r\n@NgModule({\r\n  declarations: [AppComponent, HomeComponent, MeComponent, NotFoundComponent],\r\n  imports: [\r\n    BrowserModule,\r\n    HttpClientModule,\r\n    AppRoutingModule,\r\n    BrowserAnimationsModule,\r\n    MatButtonModule,\r\n    MatCardModule,\r\n    ReactiveFormsModule,\r\n    MatInputModule,\r\n    FlexModule,\r\n    MatToolbarModule,\r\n    MatIconModule,\r\n    ArticleModule,\r\n    AuthModule\r\n  ],\r\n  providers: [\r\n    { provide: HTTP_INTERCEPTORS, useClass: AuthInterceptor, multi: true }\r\n  ],\r\n  bootstrap: [AppComponent],\r\n})\r\nexport class AppModule {}\r\n"
      ]
    },
    "_coverageSchema": "1a1c01bbd47fc00a2c39e90264f33305004495a9",
    "hash": "990dad91df4ab8e3fa778b6b7173f62ba3f8c1fc"
  },
  "D:\\Projet Dev\\Projet_Open_Classrooms\\Projet_6\\Developpez-une-application-full-stack-complete\\front\\src\\environments\\environment.ts": {
    "path": "D:\\Projet Dev\\Projet_Open_Classrooms\\Projet_6\\Developpez-une-application-full-stack-complete\\front\\src\\environments\\environment.ts",
    "statementMap": {
      "0": {
        "start": {
          "line": 4,
          "column": 27
        },
        "end": {
          "line": 6,
          "column": 1
        }
      }
    },
    "fnMap": {},
    "branchMap": {},
    "s": {
      "0": 13
    },
    "f": {},
    "b": {},
    "inputSourceMap": {
      "version": 3,
      "mappings": "AAAA;AACA;AACA;AAEA,OAAO,MAAMA,WAAW,GAAG;EACzBC,UAAU,EAAE;AADa,CAApB;AAIP;;;;;;;AAOA",
      "names": [
        "environment",
        "production"
      ],
      "sourceRoot": "",
      "sources": [
        "D:\\Projet Dev\\Projet_Open_Classrooms\\Projet_6\\Developpez-une-application-full-stack-complete\\front\\src\\environments\\environment.ts"
      ],
      "sourcesContent": [
        "// This file can be replaced during build by using the `fileReplacements` array.\r\n// `ng build` replaces `environment.ts` with `environment.prod.ts`.\r\n// The list of file replacements can be found in `angular.json`.\r\n\r\nexport const environment = {\r\n  production: false\r\n};\r\n\r\n/*\r\n * For easier debugging in development mode, you can import the following file\r\n * to ignore zone related error stack frames such as `zone.run`, `zoneDelegate.invokeTask`.\r\n *\r\n * This import should be commented out in production mode because it will have a negative impact\r\n * on performance if an error is thrown.\r\n */\r\n// import 'zone.js/plugins/zone-error';  // Included with Angular CLI.\r\n"
      ]
    },
    "_coverageSchema": "1a1c01bbd47fc00a2c39e90264f33305004495a9",
    "hash": "cb5ded477b603fdd69d86aac108ef7238d25bca4"
  },
  "D:\\Projet Dev\\Projet_Open_Classrooms\\Projet_6\\Developpez-une-application-full-stack-complete\\front\\src\\main.ts": {
    "path": "D:\\Projet Dev\\Projet_Open_Classrooms\\Projet_6\\Developpez-une-application-full-stack-complete\\front\\src\\main.ts",
    "statementMap": {
      "0": {
        "start": {
          "line": 6,
          "column": 0
        },
        "end": {
          "line": 8,
          "column": 1
        }
      },
      "1": {
        "start": {
          "line": 7,
          "column": 2
        },
        "end": {
          "line": 7,
          "column": 19
        }
      },
      "2": {
        "start": {
          "line": 10,
          "column": 0
        },
        "end": {
          "line": 10,
          "column": 98
        }
      },
      "3": {
        "start": {
          "line": 10,
          "column": 78
        },
        "end": {
          "line": 10,
          "column": 96
        }
      }
    },
    "fnMap": {
      "0": {
        "name": "(anonymous_0)",
        "decl": {
          "start": {
            "line": 10,
            "column": 71
          },
          "end": {
            "line": 10,
            "column": 72
          }
        },
        "loc": {
          "start": {
            "line": 10,
            "column": 78
          },
          "end": {
            "line": 10,
            "column": 96
          }
        },
        "line": 10
      }
    },
    "branchMap": {
      "0": {
        "loc": {
          "start": {
            "line": 6,
            "column": 0
          },
          "end": {
            "line": 8,
            "column": 1
          }
        },
        "type": "if",
        "locations": [
          {
            "start": {
              "line": 6,
              "column": 0
            },
            "end": {
              "line": 8,
              "column": 1
            }
          },
          {
            "start": {
              "line": 6,
              "column": 0
            },
            "end": {
              "line": 8,
              "column": 1
            }
          }
        ],
        "line": 6
      }
    },
    "s": {
      "0": 13,
      "1": 0,
      "2": 13,
      "3": 0
    },
    "f": {
      "0": 0
    },
    "b": {
      "0": [
        0,
        13
      ]
    },
    "inputSourceMap": {
      "version": 3,
      "mappings": ";AAAA,SAASA,cAAT,QAA+B,eAA/B;AAGA,SAASC,SAAT,QAA0B,kBAA1B;AACA,SAASC,WAAT,QAA4B,4BAA5B;;AAEA,IAAIA,WAAW,CAACC,UAAhB,EAA4B;EAC1BH,cAAc;AACf;;AAEDI,sCAAyBC,eAAzB,CAAyCJ,SAAzC,EACGK,KADH,CACSC,GAAG,IAAIC,OAAO,CAACC,KAAR,CAAcF,GAAd,CADhB",
      "names": [
        "enableProdMode",
        "AppModule",
        "environment",
        "production",
        "__NgCli_bootstrap_1",
        "bootstrapModule",
        "catch",
        "err",
        "console",
        "error"
      ],
      "sourceRoot": "",
      "sources": [
        "D:\\Projet Dev\\Projet_Open_Classrooms\\Projet_6\\Developpez-une-application-full-stack-complete\\front\\src\\main.ts"
      ],
      "sourcesContent": [
        "import { enableProdMode } from '@angular/core';\r\nimport { platformBrowserDynamic } from '@angular/platform-browser-dynamic';\r\n\r\nimport { AppModule } from './app/app.module';\r\nimport { environment } from './environments/environment';\r\n\r\nif (environment.production) {\r\n  enableProdMode();\r\n}\r\n\r\nplatformBrowserDynamic().bootstrapModule(AppModule)\r\n  .catch(err => console.error(err));\r\n"
      ]
    },
    "_coverageSchema": "1a1c01bbd47fc00a2c39e90264f33305004495a9",
    "hash": "5c6b6838c7db0e6e0ff3a7a22c3aa3753e298c04"
  },
  "D:/Projet Dev/Projet_Open_Classrooms/Projet_6/Developpez-une-application-full-stack-complete/front/src/app/features/auth/interfaces/loginRequest.interface.ts": {
    "path": "D:/Projet Dev/Projet_Open_Classrooms/Projet_6/Developpez-une-application-full-stack-complete/front/src/app/features/auth/interfaces/loginRequest.interface.ts",
    "statementMap": {},
    "fnMap": {},
    "branchMap": {},
    "s": {},
    "f": {},
    "b": {}
  },
  "D:/Projet Dev/Projet_Open_Classrooms/Projet_6/Developpez-une-application-full-stack-complete/front/src/app/features/auth/interfaces/registerRequest.interface.ts": {
    "path": "D:/Projet Dev/Projet_Open_Classrooms/Projet_6/Developpez-une-application-full-stack-complete/front/src/app/features/auth/interfaces/registerRequest.interface.ts",
    "statementMap": {},
    "fnMap": {},
    "branchMap": {},
    "s": {},
    "f": {},
    "b": {}
  },
  "D:/Projet Dev/Projet_Open_Classrooms/Projet_6/Developpez-une-application-full-stack-complete/front/src/app/features/auth/interfaces/userInformation.interface.ts": {
    "path": "D:/Projet Dev/Projet_Open_Classrooms/Projet_6/Developpez-une-application-full-stack-complete/front/src/app/features/auth/interfaces/userInformation.interface.ts",
    "statementMap": {},
    "fnMap": {},
    "branchMap": {},
    "s": {},
    "f": {},
    "b": {}
  },
  "D:/Projet Dev/Projet_Open_Classrooms/Projet_6/Developpez-une-application-full-stack-complete/front/src/app/features/articles/components/interface/article.interface.ts": {
    "path": "D:/Projet Dev/Projet_Open_Classrooms/Projet_6/Developpez-une-application-full-stack-complete/front/src/app/features/articles/components/interface/article.interface.ts",
    "statementMap": {},
    "fnMap": {},
    "branchMap": {},
    "s": {},
    "f": {},
    "b": {}
  },
  "D:/Projet Dev/Projet_Open_Classrooms/Projet_6/Developpez-une-application-full-stack-complete/front/src/app/features/articles/components/interface/articleRequest.interface.ts": {
    "path": "D:/Projet Dev/Projet_Open_Classrooms/Projet_6/Developpez-une-application-full-stack-complete/front/src/app/features/articles/components/interface/articleRequest.interface.ts",
    "statementMap": {},
    "fnMap": {},
    "branchMap": {},
    "s": {},
    "f": {},
    "b": {}
  },
  "D:/Projet Dev/Projet_Open_Classrooms/Projet_6/Developpez-une-application-full-stack-complete/front/src/app/features/articles/components/interface/comment.interface.ts": {
    "path": "D:/Projet Dev/Projet_Open_Classrooms/Projet_6/Developpez-une-application-full-stack-complete/front/src/app/features/articles/components/interface/comment.interface.ts",
    "statementMap": {},
    "fnMap": {},
    "branchMap": {},
    "s": {},
    "f": {},
    "b": {}
  },
  "D:/Projet Dev/Projet_Open_Classrooms/Projet_6/Developpez-une-application-full-stack-complete/front/src/app/features/articles/components/interface/commentRequest.interface.ts": {
    "path": "D:/Projet Dev/Projet_Open_Classrooms/Projet_6/Developpez-une-application-full-stack-complete/front/src/app/features/articles/components/interface/commentRequest.interface.ts",
    "statementMap": {},
    "fnMap": {},
    "branchMap": {},
    "s": {},
    "f": {},
    "b": {}
  },
  "D:/Projet Dev/Projet_Open_Classrooms/Projet_6/Developpez-une-application-full-stack-complete/front/src/app/features/articles/components/interface/subject.interface.ts": {
    "path": "D:/Projet Dev/Projet_Open_Classrooms/Projet_6/Developpez-une-application-full-stack-complete/front/src/app/features/articles/components/interface/subject.interface.ts",
    "statementMap": {},
    "fnMap": {},
    "branchMap": {},
    "s": {},
    "f": {},
    "b": {}
  },
  "D:/Projet Dev/Projet_Open_Classrooms/Projet_6/Developpez-une-application-full-stack-complete/front/src/app/features/articles/components/interface/subscription.interface.ts": {
    "path": "D:/Projet Dev/Projet_Open_Classrooms/Projet_6/Developpez-une-application-full-stack-complete/front/src/app/features/articles/components/interface/subscription.interface.ts",
    "statementMap": {},
    "fnMap": {},
    "branchMap": {},
    "s": {},
    "f": {},
    "b": {}
  },
  "D:/Projet Dev/Projet_Open_Classrooms/Projet_6/Developpez-une-application-full-stack-complete/front/src/app/features/articles/components/interface/user.interface.ts": {
    "path": "D:/Projet Dev/Projet_Open_Classrooms/Projet_6/Developpez-une-application-full-stack-complete/front/src/app/features/articles/components/interface/user.interface.ts",
    "statementMap": {},
    "fnMap": {},
    "branchMap": {},
    "s": {},
    "f": {},
    "b": {}
  },
  "D:/Projet Dev/Projet_Open_Classrooms/Projet_6/Developpez-une-application-full-stack-complete/front/src/app/features/articles/components/interface/userRequest.interface.ts": {
    "path": "D:/Projet Dev/Projet_Open_Classrooms/Projet_6/Developpez-une-application-full-stack-complete/front/src/app/features/articles/components/interface/userRequest.interface.ts",
    "statementMap": {},
    "fnMap": {},
    "branchMap": {},
    "s": {},
    "f": {},
    "b": {}
  }
}
